<?xml version="1.0" encoding="UTF-8"?>
<!-- Generated by org.testng.reporters.JUnitReportReporter -->
<testsuite hostname="C02C61S0MD6T" name="com.TestNGTutorials.TestNGDataProvider.test_DataProvider1" tests="16" failures="0" timestamp="10 Feb 2021 07:56:55 GMT" time="0.007" errors="1">
  <testcase name="testStudentRecordsFromProps" time="0.001" classname="com.TestNGTutorials.TestNGDataProvider.test_DataProvider1"/>
  <testcase name="testStudentRecordsFromProps" time="0.000" classname="com.TestNGTutorials.TestNGDataProvider.test_DataProvider1"/>
  <testcase name="testStudentRecordsFromProps" time="0.000" classname="com.TestNGTutorials.TestNGDataProvider.test_DataProvider1"/>
  <testcase name="testStudentRecordsFromProps" time="0.000" classname="com.TestNGTutorials.TestNGDataProvider.test_DataProvider1"/>
  <testcase name="testStudentRecordsFromProps" time="0.001" classname="com.TestNGTutorials.TestNGDataProvider.test_DataProvider1"/>
  <testcase name="testStudentRecordsFromExcel" time="0.000" classname="com.TestNGTutorials.TestNGDataProvider.test_DataProvider1">
    <error type="java.lang.RuntimeException" message="org.apache.poi.poifs.filesystem.OfficeXmlFileException: The supplied data appears to be in the Office 2007+ XML. You are calling the part of POI that deals with OLE2 Office Documents. You need to call a different part of POI to process this data (eg XSSF instead of HSSF)">
      <![CDATA[java.lang.RuntimeException: org.apache.poi.poifs.filesystem.OfficeXmlFileException: The supplied data appears to be in the Office 2007+ XML. You are calling the part of POI that deals with OLE2 Office Documents. You need to call a different part of POI to process this data (eg XSSF instead of HSSF)
	at org.testng.internal.MethodInvocationHelper.invokeDataProvider(MethodInvocationHelper.java:162)
	at org.testng.internal.Parameters.handleParameters(Parameters.java:441)
	at org.testng.internal.Invoker.handleParameters(Invoker.java:1300)
	at org.testng.internal.Invoker.createParameters(Invoker.java:1015)
	at org.testng.internal.Invoker.invokeTestMethods(Invoker.java:1104)
	at org.testng.internal.TestMethodWorker.invokeTestMethods(TestMethodWorker.java:125)
	at org.testng.internal.TestMethodWorker.run(TestMethodWorker.java:108)
	at org.testng.TestRunner.privateRun(TestRunner.java:771)
	at org.testng.TestRunner.run(TestRunner.java:621)
	at org.testng.SuiteRunner.runTest(SuiteRunner.java:357)
	at org.testng.SuiteRunner.runSequentially(SuiteRunner.java:352)
	at org.testng.SuiteRunner.privateRun(SuiteRunner.java:310)
	at org.testng.SuiteRunner.run(SuiteRunner.java:259)
	at org.testng.SuiteRunnerWorker.runSuite(SuiteRunnerWorker.java:52)
	at org.testng.SuiteRunnerWorker.run(SuiteRunnerWorker.java:86)
	at org.testng.TestNG.runSuitesSequentially(TestNG.java:1199)
	at org.testng.TestNG.runSuitesLocally(TestNG.java:1124)
	at org.testng.TestNG.run(TestNG.java:1032)
	at org.testng.remote.AbstractRemoteTestNG.run(AbstractRemoteTestNG.java:115)
	at org.testng.remote.RemoteTestNG.initAndRun(RemoteTestNG.java:251)
	at org.testng.remote.RemoteTestNG.main(RemoteTestNG.java:77)
Caused by: org.apache.poi.poifs.filesystem.OfficeXmlFileException: The supplied data appears to be in the Office 2007+ XML. You are calling the part of POI that deals with OLE2 Office Documents. You need to call a different part of POI to process this data (eg XSSF instead of HSSF)
	at org.apache.poi.poifs.storage.HeaderBlock.<init>(HeaderBlock.java:128)
	at org.apache.poi.poifs.storage.HeaderBlock.<init>(HeaderBlock.java:112)
	at org.apache.poi.poifs.filesystem.NPOIFSFileSystem.<init>(NPOIFSFileSystem.java:300)
	at org.apache.poi.hssf.usermodel.HSSFWorkbook.<init>(HSSFWorkbook.java:400)
	at org.apache.poi.hssf.usermodel.HSSFWorkbook.<init>(HSSFWorkbook.java:381)
	at com.TestNGTutorials.TestNGDataProvider.test_DataProvider1.ReadVariant(test_DataProvider1.java:138)
	at sun.reflect.NativeMethodAccessorImpl.invoke0(Native Method)
	at sun.reflect.NativeMethodAccessorImpl.invoke(NativeMethodAccessorImpl.java:62)
	at sun.reflect.DelegatingMethodAccessorImpl.invoke(DelegatingMethodAccessorImpl.java:43)
	at java.lang.reflect.Method.invoke(Method.java:498)
	at org.testng.internal.MethodInvocationHelper.invokeMethod(MethodInvocationHelper.java:85)
	at org.testng.internal.MethodInvocationHelper.invokeDataProvider(MethodInvocationHelper.java:136)
	... 20 more
]]>
    </error>
  </testcase> <!-- testStudentRecordsFromExcel -->
  <testcase name="testStudentRecordsFromProps" time="0.001" classname="com.TestNGTutorials.TestNGDataProvider.test_DataProvider1"/>
  <testcase name="testStudentData" time="0.001" classname="com.TestNGTutorials.TestNGDataProvider.test_DataProvider1"/>
  <testcase name="testStudentData" time="0.000" classname="com.TestNGTutorials.TestNGDataProvider.test_DataProvider1"/>
  <testcase name="testMultipleLoginNames" time="0.000" classname="com.TestNGTutorials.TestNGDataProvider.test_DataProvider1"/>
  <testcase name="testStudentRecordsFromProps" time="0.000" classname="com.TestNGTutorials.TestNGDataProvider.test_DataProvider1"/>
  <testcase name="testStudentData" time="0.001" classname="com.TestNGTutorials.TestNGDataProvider.test_DataProvider1"/>
  <testcase name="testStudentRecordsFromProps" time="0.001" classname="com.TestNGTutorials.TestNGDataProvider.test_DataProvider1"/>
  <testcase name="testStudentRecordsFromProps" time="0.001" classname="com.TestNGTutorials.TestNGDataProvider.test_DataProvider1"/>
  <testcase name="testStudentRecordsFromProps" time="0.000" classname="com.TestNGTutorials.TestNGDataProvider.test_DataProvider1"/>
  <testcase name="testMultipleLoginNames" time="0.000" classname="com.TestNGTutorials.TestNGDataProvider.test_DataProvider1"/>
</testsuite> <!-- com.TestNGTutorials.TestNGDataProvider.test_DataProvider1 -->
