<?xml version="1.0" encoding="UTF-8"?>
<!-- Generated by org.testng.reporters.JUnitReportReporter -->
<testsuite hostname="C02C61S0MD6T" name="com.TestNGTutorials.TestNGAnnotationattributes.TestNGTimeout" tests="2" failures="0" timestamp="9 Feb 2021 18:04:52 GMT" time="0.208" errors="1">
  <testcase name="testGmailLogin" time="0.208" classname="com.TestNGTutorials.TestNGAnnotationattributes.TestNGTimeout">
    <error type="org.testng.internal.thread.ThreadTimeoutException" message="Method org.testng.internal.TestNGMethod.testGmailLogin() didn&#039;t finish within the time-out 200">
      <![CDATA[org.testng.internal.thread.ThreadTimeoutException: Method org.testng.internal.TestNGMethod.testGmailLogin() didn't finish within the time-out 200
	at java.util.concurrent.locks.AbstractQueuedSynchronizer$ConditionObject.doSignalAll(AbstractQueuedSynchronizer.java:1888)
	at java.util.concurrent.locks.AbstractQueuedSynchronizer$ConditionObject.signalAll(AbstractQueuedSynchronizer.java:1957)
	at java.util.concurrent.ThreadPoolExecutor.tryTerminate(ThreadPoolExecutor.java:716)
	at java.util.concurrent.ThreadPoolExecutor.processWorkerExit(ThreadPoolExecutor.java:1014)
	at java.util.concurrent.ThreadPoolExecutor.runWorker(ThreadPoolExecutor.java:1167)
	at java.util.concurrent.ThreadPoolExecutor$Worker.run(ThreadPoolExecutor.java:624)
	at java.lang.Thread.run(Thread.java:748)
]]>
    </error>
  </testcase> <!-- testGmailLogin -->
  <testcase name="testHome" time="0.000" classname="com.TestNGTutorials.TestNGAnnotationattributes.TestNGTimeout"/>
</testsuite> <!-- com.TestNGTutorials.TestNGAnnotationattributes.TestNGTimeout -->
