<?xml version="1.0" encoding="UTF-8"?>
<!-- Generated by org.testng.reporters.JUnitReportReporter -->
<testsuite hostname="C02C61S0MD6T" name="com.TestNGTutorials.TestNGAnnotationattributes.InvocationCountAttrTest" tests="6" failures="0" timestamp="9 Feb 2021 18:04:52 GMT" time="0.003" errors="0">
  <testcase name="testEmployeeLogin" time="0.001" classname="com.TestNGTutorials.TestNGAnnotationattributes.InvocationCountAttrTest"/>
  <testcase name="testManagerLogin" time="0.000" classname="com.TestNGTutorials.TestNGAnnotationattributes.InvocationCountAttrTest"/>
  <testcase name="testManagerLogin" time="0.000" classname="com.TestNGTutorials.TestNGAnnotationattributes.InvocationCountAttrTest"/>
  <testcase name="testManagerLogin" time="0.000" classname="com.TestNGTutorials.TestNGAnnotationattributes.InvocationCountAttrTest"/>
  <testcase name="testManagerLogin" time="0.001" classname="com.TestNGTutorials.TestNGAnnotationattributes.InvocationCountAttrTest"/>
  <testcase name="testManagerLogin" time="0.001" classname="com.TestNGTutorials.TestNGAnnotationattributes.InvocationCountAttrTest"/>
</testsuite> <!-- com.TestNGTutorials.TestNGAnnotationattributes.InvocationCountAttrTest -->
