<?xml version="1.0" encoding="UTF-8"?>
<!-- Generated by org.testng.reporters.JUnitReportReporter -->
<testsuite hostname="C02C61S0MD6T" name="com.TestNGTutorials.TestNG_Parameters" tests="1" failures="0" timestamp="10 Feb 2021 07:56:55 GMT" time="0.001" errors="0">
  <testcase name="testParametersTestForRegistrationForm" time="0.001" classname="com.TestNGTutorials.TestNG_Parameters"/>
</testsuite> <!-- com.TestNGTutorials.TestNG_Parameters -->
